<?xml version="1.0" encoding="UTF-8"?>
<testsuite xmlns:xsi="http://www.w3.org/2001/XMLSchema-instance" xsi:noNamespaceSchemaLocation="https://maven.apache.org/surefire/maven-surefire-plugin/xsd/surefire-test-report.xsd" name="org.geotools.AppTest" time="0.027" tests="1" errors="0" skipped="0" failures="0">
  <properties>
    <property name="sun.desktop" value="windows"/>
    <property name="awt.toolkit" value="sun.awt.windows.WToolkit"/>
    <property name="file.encoding.pkg" value="sun.io"/>
    <property name="java.specification.version" value="1.8"/>
    <property name="sun.cpu.isalist" value="amd64"/>
    <property name="sun.jnu.encoding" value="Cp1252"/>
    <property name="java.class.path" value="c:\Users\gay\Documents\code\projects\bida\target\test-classes;c:\Users\gay\Documents\code\projects\bida\target\classes;C:\Users\gay\.m2\repository\junit\junit\4.11\junit-4.11.jar;C:\Users\gay\.m2\repository\org\hamcrest\hamcrest-core\1.3\hamcrest-core-1.3.jar;C:\Users\gay\.m2\repository\org\geotools\gt-shapefile\20-SNAPSHOT\gt-shapefile-20-SNAPSHOT.jar;C:\Users\gay\.m2\repository\org\geotools\gt-data\20-SNAPSHOT\gt-data-20-SNAPSHOT.jar;C:\Users\gay\.m2\repository\org\geotools\gt-main\20-SNAPSHOT\gt-main-20-SNAPSHOT.jar;C:\Users\gay\.m2\repository\org\geotools\gt-api\20-SNAPSHOT\gt-api-20-SNAPSHOT.jar;C:\Users\gay\.m2\repository\com\vividsolutions\jts-core\1.14.0\jts-core-1.14.0.jar;C:\Users\gay\.m2\repository\org\jdom\jdom2\2.0.6\jdom2-2.0.6.jar;C:\Users\gay\.m2\repository\javax\media\jai_core\1.1.3\jai_core-1.1.3.jar;C:\Users\gay\.m2\repository\org\geotools\gt-swing\20-SNAPSHOT\gt-swing-20-SNAPSHOT.jar;C:\Users\gay\.m2\repository\org\geotools\gt-referencing\20-SNAPSHOT\gt-referencing-20-SNAPSHOT.jar;C:\Users\gay\.m2\repository\org\ejml\ejml-ddense\0.32\ejml-ddense-0.32.jar;C:\Users\gay\.m2\repository\org\ejml\ejml-core\0.32\ejml-core-0.32.jar;C:\Users\gay\.m2\repository\commons-pool\commons-pool\1.5.4\commons-pool-1.5.4.jar;C:\Users\gay\.m2\repository\org\geotools\gt-metadata\20-SNAPSHOT\gt-metadata-20-SNAPSHOT.jar;C:\Users\gay\.m2\repository\org\geotools\gt-opengis\20-SNAPSHOT\gt-opengis-20-SNAPSHOT.jar;C:\Users\gay\.m2\repository\net\java\dev\jsr-275\jsr-275\1.0-beta-2\jsr-275-1.0-beta-2.jar;C:\Users\gay\.m2\repository\jgridshift\jgridshift\1.0\jgridshift-1.0.jar;C:\Users\gay\.m2\repository\net\sf\geographiclib\GeographicLib-Java\1.44\GeographicLib-Java-1.44.jar;C:\Users\gay\.m2\repository\org\geotools\gt-render\20-SNAPSHOT\gt-render-20-SNAPSHOT.jar;C:\Users\gay\.m2\repository\org\geotools\gt-coverage\20-SNAPSHOT\gt-coverage-20-SNAPSHOT.jar;C:\Users\gay\.m2\repository\javax\media\jai_imageio\1.1\jai_imageio-1.1.jar;C:\Users\gay\.m2\repository\it\geosolutions\imageio-ext\imageio-ext-tiff\1.1.20\imageio-ext-tiff-1.1.20.jar;C:\Users\gay\.m2\repository\it\geosolutions\imageio-ext\imageio-ext-utilities\1.1.20\imageio-ext-utilities-1.1.20.jar;C:\Users\gay\.m2\repository\it\geosolutions\imageio-ext\imageio-ext-geocore\1.1.20\imageio-ext-geocore-1.1.20.jar;C:\Users\gay\.m2\repository\it\geosolutions\imageio-ext\imageio-ext-streams\1.1.20\imageio-ext-streams-1.1.20.jar;C:\Users\gay\.m2\repository\javax\media\jai_codec\1.1.3\jai_codec-1.1.3.jar;C:\Users\gay\.m2\repository\com\vividsolutions\jts-example\1.14.0\jts-example-1.14.0.jar;C:\Users\gay\.m2\repository\com\vividsolutions\jts-io\1.14.0\jts-io-1.14.0.jar;C:\Users\gay\.m2\repository\com\googlecode\json-simple\json-simple\1.1\json-simple-1.1.jar;C:\Users\gay\.m2\repository\org\jaitools\jt-zonalstats\1.4.0\jt-zonalstats-1.4.0.jar;C:\Users\gay\.m2\repository\org\jaitools\jt-utils\1.4.0\jt-utils-1.4.0.jar;C:\Users\gay\.m2\repository\it\geosolutions\jaiext\affine\jt-affine\1.0.20\jt-affine-1.0.20.jar;C:\Users\gay\.m2\repository\it\geosolutions\jaiext\algebra\jt-algebra\1.0.20\jt-algebra-1.0.20.jar;C:\Users\gay\.m2\repository\it\geosolutions\jaiext\bandmerge\jt-bandmerge\1.0.20\jt-bandmerge-1.0.20.jar;C:\Users\gay\.m2\repository\it\geosolutions\jaiext\bandselect\jt-bandselect\1.0.20\jt-bandselect-1.0.20.jar;C:\Users\gay\.m2\repository\it\geosolutions\jaiext\bandcombine\jt-bandcombine\1.0.20\jt-bandcombine-1.0.20.jar;C:\Users\gay\.m2\repository\it\geosolutions\jaiext\border\jt-border\1.0.20\jt-border-1.0.20.jar;C:\Users\gay\.m2\repository\it\geosolutions\jaiext\buffer\jt-buffer\1.0.20\jt-buffer-1.0.20.jar;C:\Users\gay\.m2\repository\it\geosolutions\jaiext\crop\jt-crop\1.0.20\jt-crop-1.0.20.jar;C:\Users\gay\.m2\repository\it\geosolutions\jaiext\iterators\jt-iterators\1.0.20\jt-iterators-1.0.20.jar;C:\Users\gay\.m2\repository\it\geosolutions\jaiext\lookup\jt-lookup\1.0.20\jt-lookup-1.0.20.jar;C:\Users\gay\.m2\repository\it\geosolutions\jaiext\mosaic\jt-mosaic\1.0.20\jt-mosaic-1.0.20.jar;C:\Users\gay\.m2\repository\it\geosolutions\jaiext\nullop\jt-nullop\1.0.20\jt-nullop-1.0.20.jar;C:\Users\gay\.m2\repository\it\geosolutions\jaiext\rescale\jt-rescale\1.0.20\jt-rescale-1.0.20.jar;C:\Users\gay\.m2\repository\it\geosolutions\jaiext\scale\jt-scale\1.0.20\jt-scale-1.0.20.jar;C:\Users\gay\.m2\repository\it\geosolutions\jaiext\stats\jt-stats\1.0.20\jt-stats-1.0.20.jar;C:\Users\gay\.m2\repository\com\google\guava\guava\17.0\guava-17.0.jar;C:\Users\gay\.m2\repository\it\geosolutions\jaiext\translate\jt-translate\1.0.20\jt-translate-1.0.20.jar;C:\Users\gay\.m2\repository\it\geosolutions\jaiext\utilities\jt-utilities\1.0.20\jt-utilities-1.0.20.jar;C:\Users\gay\.m2\repository\it\geosolutions\jaiext\warp\jt-warp\1.0.20\jt-warp-1.0.20.jar;C:\Users\gay\.m2\repository\it\geosolutions\jaiext\zonal\jt-zonal\1.0.20\jt-zonal-1.0.20.jar;C:\Users\gay\.m2\repository\it\geosolutions\jaiext\binarize\jt-binarize\1.0.20\jt-binarize-1.0.20.jar;C:\Users\gay\.m2\repository\it\geosolutions\jaiext\format\jt-format\1.0.20\jt-format-1.0.20.jar;C:\Users\gay\.m2\repository\it\geosolutions\jaiext\colorconvert\jt-colorconvert\1.0.20\jt-colorconvert-1.0.20.jar;C:\Users\gay\.m2\repository\it\geosolutions\jaiext\errordiffusion\jt-errordiffusion\1.0.20\jt-errordiffusion-1.0.20.jar;C:\Users\gay\.m2\repository\it\geosolutions\jaiext\orderdither\jt-orderdither\1.0.20\jt-orderdither-1.0.20.jar;C:\Users\gay\.m2\repository\it\geosolutions\jaiext\colorindexer\jt-colorindexer\1.0.20\jt-colorindexer-1.0.20.jar;C:\Users\gay\.m2\repository\it\geosolutions\jaiext\imagefunction\jt-imagefunction\1.0.20\jt-imagefunction-1.0.20.jar;C:\Users\gay\.m2\repository\it\geosolutions\jaiext\piecewise\jt-piecewise\1.0.20\jt-piecewise-1.0.20.jar;C:\Users\gay\.m2\repository\it\geosolutions\jaiext\classifier\jt-classifier\1.0.20\jt-classifier-1.0.20.jar;C:\Users\gay\.m2\repository\it\geosolutions\jaiext\rlookup\jt-rlookup\1.0.20\jt-rlookup-1.0.20.jar;C:\Users\gay\.m2\repository\it\geosolutions\jaiext\vectorbin\jt-vectorbin\1.0.20\jt-vectorbin-1.0.20.jar;C:\Users\gay\.m2\repository\commons-io\commons-io\2.1\commons-io-2.1.jar;C:\Users\gay\.m2\repository\org\geotools\gt-cql\20-SNAPSHOT\gt-cql-20-SNAPSHOT.jar;C:\Users\gay\.m2\repository\com\miglayout\miglayout\3.7\miglayout-3.7-swing.jar;C:\Users\gay\.m2\repository\com\vividsolutions\jts\1.13\jts-1.13.jar;"/>
    <property name="java.vm.vendor" value="Oracle Corporation"/>
    <property name="sun.arch.data.model" value="64"/>
    <property name="user.variant" value=""/>
    <property name="java.vendor.url" value="http://java.oracle.com/"/>
    <property name="user.timezone" value=""/>
    <property name="java.vm.specification.version" value="1.8"/>
    <property name="os.name" value="Windows 8.1"/>
    <property name="user.country" value="US"/>
    <property name="sun.java.launcher" value="SUN_STANDARD"/>
    <property name="sun.boot.library.path" value="c:\Users\gay\Documents\code\lib\Java\jre\bin"/>
    <property name="sun.java.command" value="C:\Users\gay\AppData\Local\Temp\surefire6223568281709174797\surefirebooter5147564951420442218.jar C:\Users\gay\AppData\Local\Temp\surefire6223568281709174797 2018-04-09T06-50-44_897-jvmRun1 surefire8250969375523803000tmp surefire_03446220822734040582tmp"/>
    <property name="surefire.test.class.path" value="c:\Users\gay\Documents\code\projects\bida\target\test-classes;c:\Users\gay\Documents\code\projects\bida\target\classes;C:\Users\gay\.m2\repository\junit\junit\4.11\junit-4.11.jar;C:\Users\gay\.m2\repository\org\hamcrest\hamcrest-core\1.3\hamcrest-core-1.3.jar;C:\Users\gay\.m2\repository\org\geotools\gt-shapefile\20-SNAPSHOT\gt-shapefile-20-SNAPSHOT.jar;C:\Users\gay\.m2\repository\org\geotools\gt-data\20-SNAPSHOT\gt-data-20-SNAPSHOT.jar;C:\Users\gay\.m2\repository\org\geotools\gt-main\20-SNAPSHOT\gt-main-20-SNAPSHOT.jar;C:\Users\gay\.m2\repository\org\geotools\gt-api\20-SNAPSHOT\gt-api-20-SNAPSHOT.jar;C:\Users\gay\.m2\repository\com\vividsolutions\jts-core\1.14.0\jts-core-1.14.0.jar;C:\Users\gay\.m2\repository\org\jdom\jdom2\2.0.6\jdom2-2.0.6.jar;C:\Users\gay\.m2\repository\javax\media\jai_core\1.1.3\jai_core-1.1.3.jar;C:\Users\gay\.m2\repository\org\geotools\gt-swing\20-SNAPSHOT\gt-swing-20-SNAPSHOT.jar;C:\Users\gay\.m2\repository\org\geotools\gt-referencing\20-SNAPSHOT\gt-referencing-20-SNAPSHOT.jar;C:\Users\gay\.m2\repository\org\ejml\ejml-ddense\0.32\ejml-ddense-0.32.jar;C:\Users\gay\.m2\repository\org\ejml\ejml-core\0.32\ejml-core-0.32.jar;C:\Users\gay\.m2\repository\commons-pool\commons-pool\1.5.4\commons-pool-1.5.4.jar;C:\Users\gay\.m2\repository\org\geotools\gt-metadata\20-SNAPSHOT\gt-metadata-20-SNAPSHOT.jar;C:\Users\gay\.m2\repository\org\geotools\gt-opengis\20-SNAPSHOT\gt-opengis-20-SNAPSHOT.jar;C:\Users\gay\.m2\repository\net\java\dev\jsr-275\jsr-275\1.0-beta-2\jsr-275-1.0-beta-2.jar;C:\Users\gay\.m2\repository\jgridshift\jgridshift\1.0\jgridshift-1.0.jar;C:\Users\gay\.m2\repository\net\sf\geographiclib\GeographicLib-Java\1.44\GeographicLib-Java-1.44.jar;C:\Users\gay\.m2\repository\org\geotools\gt-render\20-SNAPSHOT\gt-render-20-SNAPSHOT.jar;C:\Users\gay\.m2\repository\org\geotools\gt-coverage\20-SNAPSHOT\gt-coverage-20-SNAPSHOT.jar;C:\Users\gay\.m2\repository\javax\media\jai_imageio\1.1\jai_imageio-1.1.jar;C:\Users\gay\.m2\repository\it\geosolutions\imageio-ext\imageio-ext-tiff\1.1.20\imageio-ext-tiff-1.1.20.jar;C:\Users\gay\.m2\repository\it\geosolutions\imageio-ext\imageio-ext-utilities\1.1.20\imageio-ext-utilities-1.1.20.jar;C:\Users\gay\.m2\repository\it\geosolutions\imageio-ext\imageio-ext-geocore\1.1.20\imageio-ext-geocore-1.1.20.jar;C:\Users\gay\.m2\repository\it\geosolutions\imageio-ext\imageio-ext-streams\1.1.20\imageio-ext-streams-1.1.20.jar;C:\Users\gay\.m2\repository\javax\media\jai_codec\1.1.3\jai_codec-1.1.3.jar;C:\Users\gay\.m2\repository\com\vividsolutions\jts-example\1.14.0\jts-example-1.14.0.jar;C:\Users\gay\.m2\repository\com\vividsolutions\jts-io\1.14.0\jts-io-1.14.0.jar;C:\Users\gay\.m2\repository\com\googlecode\json-simple\json-simple\1.1\json-simple-1.1.jar;C:\Users\gay\.m2\repository\org\jaitools\jt-zonalstats\1.4.0\jt-zonalstats-1.4.0.jar;C:\Users\gay\.m2\repository\org\jaitools\jt-utils\1.4.0\jt-utils-1.4.0.jar;C:\Users\gay\.m2\repository\it\geosolutions\jaiext\affine\jt-affine\1.0.20\jt-affine-1.0.20.jar;C:\Users\gay\.m2\repository\it\geosolutions\jaiext\algebra\jt-algebra\1.0.20\jt-algebra-1.0.20.jar;C:\Users\gay\.m2\repository\it\geosolutions\jaiext\bandmerge\jt-bandmerge\1.0.20\jt-bandmerge-1.0.20.jar;C:\Users\gay\.m2\repository\it\geosolutions\jaiext\bandselect\jt-bandselect\1.0.20\jt-bandselect-1.0.20.jar;C:\Users\gay\.m2\repository\it\geosolutions\jaiext\bandcombine\jt-bandcombine\1.0.20\jt-bandcombine-1.0.20.jar;C:\Users\gay\.m2\repository\it\geosolutions\jaiext\border\jt-border\1.0.20\jt-border-1.0.20.jar;C:\Users\gay\.m2\repository\it\geosolutions\jaiext\buffer\jt-buffer\1.0.20\jt-buffer-1.0.20.jar;C:\Users\gay\.m2\repository\it\geosolutions\jaiext\crop\jt-crop\1.0.20\jt-crop-1.0.20.jar;C:\Users\gay\.m2\repository\it\geosolutions\jaiext\iterators\jt-iterators\1.0.20\jt-iterators-1.0.20.jar;C:\Users\gay\.m2\repository\it\geosolutions\jaiext\lookup\jt-lookup\1.0.20\jt-lookup-1.0.20.jar;C:\Users\gay\.m2\repository\it\geosolutions\jaiext\mosaic\jt-mosaic\1.0.20\jt-mosaic-1.0.20.jar;C:\Users\gay\.m2\repository\it\geosolutions\jaiext\nullop\jt-nullop\1.0.20\jt-nullop-1.0.20.jar;C:\Users\gay\.m2\repository\it\geosolutions\jaiext\rescale\jt-rescale\1.0.20\jt-rescale-1.0.20.jar;C:\Users\gay\.m2\repository\it\geosolutions\jaiext\scale\jt-scale\1.0.20\jt-scale-1.0.20.jar;C:\Users\gay\.m2\repository\it\geosolutions\jaiext\stats\jt-stats\1.0.20\jt-stats-1.0.20.jar;C:\Users\gay\.m2\repository\com\google\guava\guava\17.0\guava-17.0.jar;C:\Users\gay\.m2\repository\it\geosolutions\jaiext\translate\jt-translate\1.0.20\jt-translate-1.0.20.jar;C:\Users\gay\.m2\repository\it\geosolutions\jaiext\utilities\jt-utilities\1.0.20\jt-utilities-1.0.20.jar;C:\Users\gay\.m2\repository\it\geosolutions\jaiext\warp\jt-warp\1.0.20\jt-warp-1.0.20.jar;C:\Users\gay\.m2\repository\it\geosolutions\jaiext\zonal\jt-zonal\1.0.20\jt-zonal-1.0.20.jar;C:\Users\gay\.m2\repository\it\geosolutions\jaiext\binarize\jt-binarize\1.0.20\jt-binarize-1.0.20.jar;C:\Users\gay\.m2\repository\it\geosolutions\jaiext\format\jt-format\1.0.20\jt-format-1.0.20.jar;C:\Users\gay\.m2\repository\it\geosolutions\jaiext\colorconvert\jt-colorconvert\1.0.20\jt-colorconvert-1.0.20.jar;C:\Users\gay\.m2\repository\it\geosolutions\jaiext\errordiffusion\jt-errordiffusion\1.0.20\jt-errordiffusion-1.0.20.jar;C:\Users\gay\.m2\repository\it\geosolutions\jaiext\orderdither\jt-orderdither\1.0.20\jt-orderdither-1.0.20.jar;C:\Users\gay\.m2\repository\it\geosolutions\jaiext\colorindexer\jt-colorindexer\1.0.20\jt-colorindexer-1.0.20.jar;C:\Users\gay\.m2\repository\it\geosolutions\jaiext\imagefunction\jt-imagefunction\1.0.20\jt-imagefunction-1.0.20.jar;C:\Users\gay\.m2\repository\it\geosolutions\jaiext\piecewise\jt-piecewise\1.0.20\jt-piecewise-1.0.20.jar;C:\Users\gay\.m2\repository\it\geosolutions\jaiext\classifier\jt-classifier\1.0.20\jt-classifier-1.0.20.jar;C:\Users\gay\.m2\repository\it\geosolutions\jaiext\rlookup\jt-rlookup\1.0.20\jt-rlookup-1.0.20.jar;C:\Users\gay\.m2\repository\it\geosolutions\jaiext\vectorbin\jt-vectorbin\1.0.20\jt-vectorbin-1.0.20.jar;C:\Users\gay\.m2\repository\commons-io\commons-io\2.1\commons-io-2.1.jar;C:\Users\gay\.m2\repository\org\geotools\gt-cql\20-SNAPSHOT\gt-cql-20-SNAPSHOT.jar;C:\Users\gay\.m2\repository\com\miglayout\miglayout\3.7\miglayout-3.7-swing.jar;C:\Users\gay\.m2\repository\com\vividsolutions\jts\1.13\jts-1.13.jar;"/>
    <property name="sun.cpu.endian" value="little"/>
    <property name="user.home" value="C:\Users\gay"/>
    <property name="user.language" value="en"/>
    <property name="java.specification.vendor" value="Oracle Corporation"/>
    <property name="java.home" value="c:\Users\gay\Documents\code\lib\Java\jre"/>
    <property name="basedir" value="c:\Users\gay\Documents\code\projects\bida"/>
    <property name="file.separator" value="\"/>
    <property name="line.separator" value="&#10;"/>
    <property name="java.vm.specification.vendor" value="Oracle Corporation"/>
    <property name="java.specification.name" value="Java Platform API Specification"/>
    <property name="java.awt.graphicsenv" value="sun.awt.Win32GraphicsEnvironment"/>
    <property name="surefire.real.class.path" value="C:\Users\gay\AppData\Local\Temp\surefire6223568281709174797\surefirebooter5147564951420442218.jar"/>
    <property name="sun.boot.class.path" value="c:\Users\gay\Documents\code\lib\Java\jre\lib\resources.jar;c:\Users\gay\Documents\code\lib\Java\jre\lib\rt.jar;c:\Users\gay\Documents\code\lib\Java\jre\lib\sunrsasign.jar;c:\Users\gay\Documents\code\lib\Java\jre\lib\jsse.jar;c:\Users\gay\Documents\code\lib\Java\jre\lib\jce.jar;c:\Users\gay\Documents\code\lib\Java\jre\lib\charsets.jar;c:\Users\gay\Documents\code\lib\Java\jre\lib\jfr.jar;c:\Users\gay\Documents\code\lib\Java\jre\classes"/>
    <property name="user.script" value=""/>
    <property name="sun.management.compiler" value="HotSpot 64-Bit Tiered Compilers"/>
    <property name="java.runtime.version" value="1.8.0_162-b12"/>
    <property name="user.name" value="asdf"/>
    <property name="path.separator" value=";"/>
    <property name="os.version" value="6.3"/>
    <property name="java.endorsed.dirs" value="c:\Users\gay\Documents\code\lib\Java\jre\lib\endorsed"/>
    <property name="java.runtime.name" value="Java(TM) SE Runtime Environment"/>
    <property name="file.encoding" value="Cp1252"/>
    <property name="java.vm.name" value="Java HotSpot(TM) 64-Bit Server VM"/>
    <property name="localRepository" value="C:\Users\gay\.m2\repository"/>
    <property name="java.vendor.url.bug" value="http://bugreport.sun.com/bugreport/"/>
    <property name="java.io.tmpdir" value="C:\Users\gay\AppData\Local\Temp\"/>
    <property name="java.version" value="1.8.0_162"/>
    <property name="user.dir" value="c:\Users\gay\Documents\code\projects\bida"/>
    <property name="os.arch" value="amd64"/>
    <property name="java.vm.specification.name" value="Java Virtual Machine Specification"/>
    <property name="java.awt.printerjob" value="sun.awt.windows.WPrinterJob"/>
    <property name="sun.os.patch.level" value=""/>
    <property name="java.library.path" value="c:\Users\gay\Documents\code\lib\Java\jre\bin;C:\Windows\Sun\Java\bin;C:\Windows\system32;C:\Windows;C:\MinGW\msys\1.0\opt\windows_64\bin;.;C:\MinGW\msys\1.0\local\bin;C:\MinGW\msys\1.0\mingw\bin;C:\MinGW\msys\1.0\bin;c:\Users\gay\Documents\code\tools\win-builds32\bin;c:\win-builds;c:\Users\gay\Documents\code\tools\NASM;c:\oraclexe\app\oracle\product\11.2.0\server\bin;c:\Users\gay\Documents\code\lib\Python27\;c:\Users\gay\Documents\code\lib\Python27\Scripts;c:\ProgramData\Oracle\Java\javapath;c:\Windows\system32;c:\Windows;c:\Windows\System32\Wbem;c:\Windows\System32\WindowsPowerShell\v1.0\;c:\Program Files (x86)\Windows Kits\8.1\Windows Performance Toolkit\;c:\Program Files\Microsoft SQL Server\110\Tools\Binn\;c:\Users\gay\Documents\code\lib\apache-ant-1.9.3\bin;c:\Users\gay\Documents\code\tools\PUTTY;c:\Users\gay\Documents\code\lib\Java\bin;c:\Users\gay\Documents\code\projects\arctic\casino\cocos2d\tools\cocos2d-console\bin\;c:\Users\gay\Documents\code\lib\depot_tools;c:\Program Files (x86)\NVIDIA Corporation\PhysX\Common;c:\Program Files\Microsoft Windows Performance Toolkit\;c:\Program Files\Steel Bank Common Lisp\bin;c:\win-builds\bin;c:\Program Files\TortoiseSVN\bin;c:\Users\gay\Documents\code\tools\PortableGit\bin;c:\Program Files (x86)\GtkSharp\2.12\bin;c:\Users\gay\Documents\code\tools\nodejs\;c:\Users\gay\Documents\code\tools\HaxeToolkit\haxe\;c:\Users\gay\Documents\code\tools\HaxeToolkit\neko;c:\Program Files (x86)\GnuPG\bin;c:\Program Files (x86)\Skype\Phone\;c:\Program Files\Git LFS;c:\instantclient_12_2;c:\instantclient_12_2\sdk;c:\Users\gay\Documents\code\lib\Java\bin;c:\Users\gay\Documents\code\lib\apache-maven-3.5.3\bin;c:\Users\gay\Documents\code\lib\Python36-32\Scripts\;c:\Users\gay\Documents\code\lib\Python36-32\;c:\Users\gay\Documents\code\tools\ElmPlatform\0.18\bin;c:\Users\gay\Documents\code\tools\LOVE;c:\Users\gay\Documents\code\tools\ccl;c:\Users\gay\AppData\Roaming\npm;c:\Users\gay\AppData\Local\Programs\MiKTeX 2.9\miktex\bin\x64\;c:\Program Files (x86)\Microsoft VS Code\bin;c:\Users\gay\Documents\code\tools\gforth64;."/>
    <property name="java.vm.info" value="mixed mode"/>
    <property name="java.vendor" value="Oracle Corporation"/>
    <property name="java.vm.version" value="25.162-b12"/>
    <property name="java.ext.dirs" value="c:\Users\gay\Documents\code\lib\Java\jre\lib\ext;C:\Windows\Sun\Java\lib\ext"/>
    <property name="sun.io.unicode.encoding" value="UnicodeLittle"/>
    <property name="java.class.version" value="52.0"/>
  </properties>
  <testcase name="shouldAnswerWithTrue" classname="org.geotools.AppTest" time="0.002"/>
</testsuite>